
**** Build of configuration Debug for project Lab4 ****

"D:\\CCS\\ccs\\utils\\bin\\gmake" -k -j 8 all -O 
 
Building file: "../Common/F2837xD_CodeStartBranch.asm"
Invoking: C2000 Compiler
"D:/CCS/ccs/tools/compiler/ti-cgt-c2000_18.12.2.LTS/bin/cl2000" -v28 -ml -mt --cla_support=cla1 --float_support=fpu32 --tmu_support=tmu0 --vcu_support=vcu2 --include_path="D:/UF_HW/2020_fall_hw/EEL4924/Design2_Code/Lab4" --include_path="D:/ti/c2000/C2000Ware_2_00_00_02/device_support/f2837xd/headers/include" --include_path="D:/ti/c2000/C2000Ware_2_00_00_02/device_support/f2837xd/common/include" --include_path="D:/CCS/ccs/tools/compiler/ti-cgt-c2000_18.12.2.LTS/include" --define=CPU1 --define=_LAUNCHXL_F28379D -g --c99 --diag_warning=225 --diag_wrap=off --display_error_number --abi=coffabi --preproc_with_compile --preproc_dependency="Common/F2837xD_CodeStartBranch.d_raw" --obj_directory="Common"  "../Common/F2837xD_CodeStartBranch.asm"
Finished building: "../Common/F2837xD_CodeStartBranch.asm"
 
Building file: "../Common/F2837xD_DBGIER.asm"
Invoking: C2000 Compiler
"D:/CCS/ccs/tools/compiler/ti-cgt-c2000_18.12.2.LTS/bin/cl2000" -v28 -ml -mt --cla_support=cla1 --float_support=fpu32 --tmu_support=tmu0 --vcu_support=vcu2 --include_path="D:/UF_HW/2020_fall_hw/EEL4924/Design2_Code/Lab4" --include_path="D:/ti/c2000/C2000Ware_2_00_00_02/device_support/f2837xd/headers/include" --include_path="D:/ti/c2000/C2000Ware_2_00_00_02/device_support/f2837xd/common/include" --include_path="D:/CCS/ccs/tools/compiler/ti-cgt-c2000_18.12.2.LTS/include" --define=CPU1 --define=_LAUNCHXL_F28379D -g --c99 --diag_warning=225 --diag_wrap=off --display_error_number --abi=coffabi --preproc_with_compile --preproc_dependency="Common/F2837xD_DBGIER.d_raw" --obj_directory="Common"  "../Common/F2837xD_DBGIER.asm"
Finished building: "../Common/F2837xD_DBGIER.asm"
 
Building file: "../I2CLCD.c"
Invoking: C2000 Compiler
"D:/CCS/ccs/tools/compiler/ti-cgt-c2000_18.12.2.LTS/bin/cl2000" -v28 -ml -mt --cla_support=cla1 --float_support=fpu32 --tmu_support=tmu0 --vcu_support=vcu2 --include_path="D:/UF_HW/2020_fall_hw/EEL4924/Design2_Code/Lab4" --include_path="D:/ti/c2000/C2000Ware_2_00_00_02/device_support/f2837xd/headers/include" --include_path="D:/ti/c2000/C2000Ware_2_00_00_02/device_support/f2837xd/common/include" --include_path="D:/CCS/ccs/tools/compiler/ti-cgt-c2000_18.12.2.LTS/include" --define=CPU1 --define=_LAUNCHXL_F28379D -g --c99 --diag_warning=225 --diag_wrap=off --display_error_number --abi=coffabi --preproc_with_compile --preproc_dependency="I2CLCD.d_raw"  "../I2CLCD.c"
"../I2CLCD.c", line 108: warning #169-D: argument of type "Uint16 (*)[6]" is incompatible with parameter of type "Uint16 *const"
"../I2CLCD.c", line 135: warning #169-D: argument of type "Uint16 (*)[6]" is incompatible with parameter of type "Uint16 *const"
Finished building: "../I2CLCD.c"
 
Building file: "../Part3.c"
Invoking: C2000 Compiler
"D:/CCS/ccs/tools/compiler/ti-cgt-c2000_18.12.2.LTS/bin/cl2000" -v28 -ml -mt --cla_support=cla1 --float_support=fpu32 --tmu_support=tmu0 --vcu_support=vcu2 --include_path="D:/UF_HW/2020_fall_hw/EEL4924/Design2_Code/Lab4" --include_path="D:/ti/c2000/C2000Ware_2_00_00_02/device_support/f2837xd/headers/include" --include_path="D:/ti/c2000/C2000Ware_2_00_00_02/device_support/f2837xd/common/include" --include_path="D:/CCS/ccs/tools/compiler/ti-cgt-c2000_18.12.2.LTS/include" --define=CPU1 --define=_LAUNCHXL_F28379D -g --c99 --diag_warning=225 --diag_wrap=off --display_error_number --abi=coffabi --preproc_with_compile --preproc_dependency="Part3.d_raw"  "../Part3.c"
Finished building: "../Part3.c"
 
Building file: "../Common/F2837xD_CpuTimers.c"
Invoking: C2000 Compiler
"D:/CCS/ccs/tools/compiler/ti-cgt-c2000_18.12.2.LTS/bin/cl2000" -v28 -ml -mt --cla_support=cla1 --float_support=fpu32 --tmu_support=tmu0 --vcu_support=vcu2 --include_path="D:/UF_HW/2020_fall_hw/EEL4924/Design2_Code/Lab4" --include_path="D:/ti/c2000/C2000Ware_2_00_00_02/device_support/f2837xd/headers/include" --include_path="D:/ti/c2000/C2000Ware_2_00_00_02/device_support/f2837xd/common/include" --include_path="D:/CCS/ccs/tools/compiler/ti-cgt-c2000_18.12.2.LTS/include" --define=CPU1 --define=_LAUNCHXL_F28379D -g --c99 --diag_warning=225 --diag_wrap=off --display_error_number --abi=coffabi --preproc_with_compile --preproc_dependency="Common/F2837xD_CpuTimers.d_raw" --obj_directory="Common"  "../Common/F2837xD_CpuTimers.c"
Finished building: "../Common/F2837xD_CpuTimers.c"
 
Building file: "../OneToOneI2CDriver.c"
Invoking: C2000 Compiler
"D:/CCS/ccs/tools/compiler/ti-cgt-c2000_18.12.2.LTS/bin/cl2000" -v28 -ml -mt --cla_support=cla1 --float_support=fpu32 --tmu_support=tmu0 --vcu_support=vcu2 --include_path="D:/UF_HW/2020_fall_hw/EEL4924/Design2_Code/Lab4" --include_path="D:/ti/c2000/C2000Ware_2_00_00_02/device_support/f2837xd/headers/include" --include_path="D:/ti/c2000/C2000Ware_2_00_00_02/device_support/f2837xd/common/include" --include_path="D:/CCS/ccs/tools/compiler/ti-cgt-c2000_18.12.2.LTS/include" --define=CPU1 --define=_LAUNCHXL_F28379D -g --c99 --diag_warning=225 --diag_wrap=off --display_error_number --abi=coffabi --preproc_with_compile --preproc_dependency="OneToOneI2CDriver.d_raw"  "../OneToOneI2CDriver.c"
Finished building: "../OneToOneI2CDriver.c"
 
Building file: "../CodecGPIO.c"
Invoking: C2000 Compiler
"D:/CCS/ccs/tools/compiler/ti-cgt-c2000_18.12.2.LTS/bin/cl2000" -v28 -ml -mt --cla_support=cla1 --float_support=fpu32 --tmu_support=tmu0 --vcu_support=vcu2 --include_path="D:/UF_HW/2020_fall_hw/EEL4924/Design2_Code/Lab4" --include_path="D:/ti/c2000/C2000Ware_2_00_00_02/device_support/f2837xd/headers/include" --include_path="D:/ti/c2000/C2000Ware_2_00_00_02/device_support/f2837xd/common/include" --include_path="D:/CCS/ccs/tools/compiler/ti-cgt-c2000_18.12.2.LTS/include" --define=CPU1 --define=_LAUNCHXL_F28379D -g --c99 --diag_warning=225 --diag_wrap=off --display_error_number --abi=coffabi --preproc_with_compile --preproc_dependency="CodecGPIO.d_raw"  "../CodecGPIO.c"
"../OneToOneI2CDriver.c", line 101 (col. 34): advice #2614-D: (Performance) Use --fp_mode=relaxed to enable TMU hardware support for FP division.
Finished building: "../CodecGPIO.c"
 
Building file: "../Common/F2837xD_DefaultISR.c"
Invoking: C2000 Compiler
"D:/CCS/ccs/tools/compiler/ti-cgt-c2000_18.12.2.LTS/bin/cl2000" -v28 -ml -mt --cla_support=cla1 --float_support=fpu32 --tmu_support=tmu0 --vcu_support=vcu2 --include_path="D:/UF_HW/2020_fall_hw/EEL4924/Design2_Code/Lab4" --include_path="D:/ti/c2000/C2000Ware_2_00_00_02/device_support/f2837xd/headers/include" --include_path="D:/ti/c2000/C2000Ware_2_00_00_02/device_support/f2837xd/common/include" --include_path="D:/CCS/ccs/tools/compiler/ti-cgt-c2000_18.12.2.LTS/include" --define=CPU1 --define=_LAUNCHXL_F28379D -g --c99 --diag_warning=225 --diag_wrap=off --display_error_number --abi=coffabi --preproc_with_compile --preproc_dependency="Common/F2837xD_DefaultISR.d_raw" --obj_directory="Common"  "../Common/F2837xD_DefaultISR.c"
Finished building: "../Common/F2837xD_DefaultISR.c"
 
Building file: "../SPIB.c"
Invoking: C2000 Compiler
"D:/CCS/ccs/tools/compiler/ti-cgt-c2000_18.12.2.LTS/bin/cl2000" -v28 -ml -mt --cla_support=cla1 --float_support=fpu32 --tmu_support=tmu0 --vcu_support=vcu2 --include_path="D:/UF_HW/2020_fall_hw/EEL4924/Design2_Code/Lab4" --include_path="D:/ti/c2000/C2000Ware_2_00_00_02/device_support/f2837xd/headers/include" --include_path="D:/ti/c2000/C2000Ware_2_00_00_02/device_support/f2837xd/common/include" --include_path="D:/CCS/ccs/tools/compiler/ti-cgt-c2000_18.12.2.LTS/include" --define=CPU1 --define=_LAUNCHXL_F28379D -g --c99 --diag_warning=225 --diag_wrap=off --display_error_number --abi=coffabi --preproc_with_compile --preproc_dependency="SPIB.d_raw"  "../SPIB.c"
"../SPIB.c", line 361: warning #225-D: function "malloc" declared implicitly
"../SPIB.c", line 361: warning #145-D: a value of type "int" cannot be used to initialize an entity of type "Uint16 *"
Finished building: "../SPIB.c"
 
Building file: "../Common/F2837xD_Dma.c"
Invoking: C2000 Compiler
"D:/CCS/ccs/tools/compiler/ti-cgt-c2000_18.12.2.LTS/bin/cl2000" -v28 -ml -mt --cla_support=cla1 --float_support=fpu32 --tmu_support=tmu0 --vcu_support=vcu2 --include_path="D:/UF_HW/2020_fall_hw/EEL4924/Design2_Code/Lab4" --include_path="D:/ti/c2000/C2000Ware_2_00_00_02/device_support/f2837xd/headers/include" --include_path="D:/ti/c2000/C2000Ware_2_00_00_02/device_support/f2837xd/common/include" --include_path="D:/CCS/ccs/tools/compiler/ti-cgt-c2000_18.12.2.LTS/include" --define=CPU1 --define=_LAUNCHXL_F28379D -g --c99 --diag_warning=225 --diag_wrap=off --display_error_number --abi=coffabi --preproc_with_compile --preproc_dependency="Common/F2837xD_Dma.d_raw" --obj_directory="Common"  "../Common/F2837xD_Dma.c"
Finished building: "../Common/F2837xD_Dma.c"
 
Building file: "../Common/F2837xD_EQep.c"
Invoking: C2000 Compiler
"D:/CCS/ccs/tools/compiler/ti-cgt-c2000_18.12.2.LTS/bin/cl2000" -v28 -ml -mt --cla_support=cla1 --float_support=fpu32 --tmu_support=tmu0 --vcu_support=vcu2 --include_path="D:/UF_HW/2020_fall_hw/EEL4924/Design2_Code/Lab4" --include_path="D:/ti/c2000/C2000Ware_2_00_00_02/device_support/f2837xd/headers/include" --include_path="D:/ti/c2000/C2000Ware_2_00_00_02/device_support/f2837xd/common/include" --include_path="D:/CCS/ccs/tools/compiler/ti-cgt-c2000_18.12.2.LTS/include" --define=CPU1 --define=_LAUNCHXL_F28379D -g --c99 --diag_warning=225 --diag_wrap=off --display_error_number --abi=coffabi --preproc_with_compile --preproc_dependency="Common/F2837xD_EQep.d_raw" --obj_directory="Common"  "../Common/F2837xD_EQep.c"
Finished building: "../Common/F2837xD_EQep.c"
 
Building file: "../Common/F2837xD_ECap.c"
Invoking: C2000 Compiler
"D:/CCS/ccs/tools/compiler/ti-cgt-c2000_18.12.2.LTS/bin/cl2000" -v28 -ml -mt --cla_support=cla1 --float_support=fpu32 --tmu_support=tmu0 --vcu_support=vcu2 --include_path="D:/UF_HW/2020_fall_hw/EEL4924/Design2_Code/Lab4" --include_path="D:/ti/c2000/C2000Ware_2_00_00_02/device_support/f2837xd/headers/include" --include_path="D:/ti/c2000/C2000Ware_2_00_00_02/device_support/f2837xd/common/include" --include_path="D:/CCS/ccs/tools/compiler/ti-cgt-c2000_18.12.2.LTS/include" --define=CPU1 --define=_LAUNCHXL_F28379D -g --c99 --diag_warning=225 --diag_wrap=off --display_error_number --abi=coffabi --preproc_with_compile --preproc_dependency="Common/F2837xD_ECap.d_raw" --obj_directory="Common"  "../Common/F2837xD_ECap.c"
Finished building: "../Common/F2837xD_ECap.c"
 
Building file: "../Common/F2837xD_EPwm.c"
Invoking: C2000 Compiler
"D:/CCS/ccs/tools/compiler/ti-cgt-c2000_18.12.2.LTS/bin/cl2000" -v28 -ml -mt --cla_support=cla1 --float_support=fpu32 --tmu_support=tmu0 --vcu_support=vcu2 --include_path="D:/UF_HW/2020_fall_hw/EEL4924/Design2_Code/Lab4" --include_path="D:/ti/c2000/C2000Ware_2_00_00_02/device_support/f2837xd/headers/include" --include_path="D:/ti/c2000/C2000Ware_2_00_00_02/device_support/f2837xd/common/include" --include_path="D:/CCS/ccs/tools/compiler/ti-cgt-c2000_18.12.2.LTS/include" --define=CPU1 --define=_LAUNCHXL_F28379D -g --c99 --diag_warning=225 --diag_wrap=off --display_error_number --abi=coffabi --preproc_with_compile --preproc_dependency="Common/F2837xD_EPwm.d_raw" --obj_directory="Common"  "../Common/F2837xD_EPwm.c"
Finished building: "../Common/F2837xD_EPwm.c"
 
Building file: "../Common/F2837xD_Emif.c"
Invoking: C2000 Compiler
"D:/CCS/ccs/tools/compiler/ti-cgt-c2000_18.12.2.LTS/bin/cl2000" -v28 -ml -mt --cla_support=cla1 --float_support=fpu32 --tmu_support=tmu0 --vcu_support=vcu2 --include_path="D:/UF_HW/2020_fall_hw/EEL4924/Design2_Code/Lab4" --include_path="D:/ti/c2000/C2000Ware_2_00_00_02/device_support/f2837xd/headers/include" --include_path="D:/ti/c2000/C2000Ware_2_00_00_02/device_support/f2837xd/common/include" --include_path="D:/CCS/ccs/tools/compiler/ti-cgt-c2000_18.12.2.LTS/include" --define=CPU1 --define=_LAUNCHXL_F28379D -g --c99 --diag_warning=225 --diag_wrap=off --display_error_number --abi=coffabi --preproc_with_compile --preproc_dependency="Common/F2837xD_Emif.d_raw" --obj_directory="Common"  "../Common/F2837xD_Emif.c"
Finished building: "../Common/F2837xD_Emif.c"
 
Building file: "../Common/F2837xD_Ipc.c"
Invoking: C2000 Compiler
"D:/CCS/ccs/tools/compiler/ti-cgt-c2000_18.12.2.LTS/bin/cl2000" -v28 -ml -mt --cla_support=cla1 --float_support=fpu32 --tmu_support=tmu0 --vcu_support=vcu2 --include_path="D:/UF_HW/2020_fall_hw/EEL4924/Design2_Code/Lab4" --include_path="D:/ti/c2000/C2000Ware_2_00_00_02/device_support/f2837xd/headers/include" --include_path="D:/ti/c2000/C2000Ware_2_00_00_02/device_support/f2837xd/common/include" --include_path="D:/CCS/ccs/tools/compiler/ti-cgt-c2000_18.12.2.LTS/include" --define=CPU1 --define=_LAUNCHXL_F28379D -g --c99 --diag_warning=225 --diag_wrap=off --display_error_number --abi=coffabi --preproc_with_compile --preproc_dependency="Common/F2837xD_Ipc.d_raw" --obj_directory="Common"  "../Common/F2837xD_Ipc.c"
Finished building: "../Common/F2837xD_Ipc.c"
 
Building file: "../Common/F2837xD_I2C.c"
Invoking: C2000 Compiler
"D:/CCS/ccs/tools/compiler/ti-cgt-c2000_18.12.2.LTS/bin/cl2000" -v28 -ml -mt --cla_support=cla1 --float_support=fpu32 --tmu_support=tmu0 --vcu_support=vcu2 --include_path="D:/UF_HW/2020_fall_hw/EEL4924/Design2_Code/Lab4" --include_path="D:/ti/c2000/C2000Ware_2_00_00_02/device_support/f2837xd/headers/include" --include_path="D:/ti/c2000/C2000Ware_2_00_00_02/device_support/f2837xd/common/include" --include_path="D:/CCS/ccs/tools/compiler/ti-cgt-c2000_18.12.2.LTS/include" --define=CPU1 --define=_LAUNCHXL_F28379D -g --c99 --diag_warning=225 --diag_wrap=off --display_error_number --abi=coffabi --preproc_with_compile --preproc_dependency="Common/F2837xD_I2C.d_raw" --obj_directory="Common"  "../Common/F2837xD_I2C.c"
Finished building: "../Common/F2837xD_I2C.c"
 
Building file: "../Common/F2837xD_Gpio.c"
Invoking: C2000 Compiler
"D:/CCS/ccs/tools/compiler/ti-cgt-c2000_18.12.2.LTS/bin/cl2000" -v28 -ml -mt --cla_support=cla1 --float_support=fpu32 --tmu_support=tmu0 --vcu_support=vcu2 --include_path="D:/UF_HW/2020_fall_hw/EEL4924/Design2_Code/Lab4" --include_path="D:/ti/c2000/C2000Ware_2_00_00_02/device_support/f2837xd/headers/include" --include_path="D:/ti/c2000/C2000Ware_2_00_00_02/device_support/f2837xd/common/include" --include_path="D:/CCS/ccs/tools/compiler/ti-cgt-c2000_18.12.2.LTS/include" --define=CPU1 --define=_LAUNCHXL_F28379D -g --c99 --diag_warning=225 --diag_wrap=off --display_error_number --abi=coffabi --preproc_with_compile --preproc_dependency="Common/F2837xD_Gpio.d_raw" --obj_directory="Common"  "../Common/F2837xD_Gpio.c"
Finished building: "../Common/F2837xD_Gpio.c"
 
Building file: "../Common/F2837xD_Ipc_Driver.c"
Invoking: C2000 Compiler
"D:/CCS/ccs/tools/compiler/ti-cgt-c2000_18.12.2.LTS/bin/cl2000" -v28 -ml -mt --cla_support=cla1 --float_support=fpu32 --tmu_support=tmu0 --vcu_support=vcu2 --include_path="D:/UF_HW/2020_fall_hw/EEL4924/Design2_Code/Lab4" --include_path="D:/ti/c2000/C2000Ware_2_00_00_02/device_support/f2837xd/headers/include" --include_path="D:/ti/c2000/C2000Ware_2_00_00_02/device_support/f2837xd/common/include" --include_path="D:/CCS/ccs/tools/compiler/ti-cgt-c2000_18.12.2.LTS/include" --define=CPU1 --define=_LAUNCHXL_F28379D -g --c99 --diag_warning=225 --diag_wrap=off --display_error_number --abi=coffabi --preproc_with_compile --preproc_dependency="Common/F2837xD_Ipc_Driver.d_raw" --obj_directory="Common"  "../Common/F2837xD_Ipc_Driver.c"
Finished building: "../Common/F2837xD_Ipc_Driver.c"
 
Building file: "../Common/F2837xD_PieCtrl.c"
Invoking: C2000 Compiler
"D:/CCS/ccs/tools/compiler/ti-cgt-c2000_18.12.2.LTS/bin/cl2000" -v28 -ml -mt --cla_support=cla1 --float_support=fpu32 --tmu_support=tmu0 --vcu_support=vcu2 --include_path="D:/UF_HW/2020_fall_hw/EEL4924/Design2_Code/Lab4" --include_path="D:/ti/c2000/C2000Ware_2_00_00_02/device_support/f2837xd/headers/include" --include_path="D:/ti/c2000/C2000Ware_2_00_00_02/device_support/f2837xd/common/include" --include_path="D:/CCS/ccs/tools/compiler/ti-cgt-c2000_18.12.2.LTS/include" --define=CPU1 --define=_LAUNCHXL_F28379D -g --c99 --diag_warning=225 --diag_wrap=off --display_error_number --abi=coffabi --preproc_with_compile --preproc_dependency="Common/F2837xD_PieCtrl.d_raw" --obj_directory="Common"  "../Common/F2837xD_PieCtrl.c"
Finished building: "../Common/F2837xD_PieCtrl.c"
 
Building file: "../Common/F2837xD_Ipc_Driver_Lite.c"
Invoking: C2000 Compiler
"D:/CCS/ccs/tools/compiler/ti-cgt-c2000_18.12.2.LTS/bin/cl2000" -v28 -ml -mt --cla_support=cla1 --float_support=fpu32 --tmu_support=tmu0 --vcu_support=vcu2 --include_path="D:/UF_HW/2020_fall_hw/EEL4924/Design2_Code/Lab4" --include_path="D:/ti/c2000/C2000Ware_2_00_00_02/device_support/f2837xd/headers/include" --include_path="D:/ti/c2000/C2000Ware_2_00_00_02/device_support/f2837xd/common/include" --include_path="D:/CCS/ccs/tools/compiler/ti-cgt-c2000_18.12.2.LTS/include" --define=CPU1 --define=_LAUNCHXL_F28379D -g --c99 --diag_warning=225 --diag_wrap=off --display_error_number --abi=coffabi --preproc_with_compile --preproc_dependency="Common/F2837xD_Ipc_Driver_Lite.d_raw" --obj_directory="Common"  "../Common/F2837xD_Ipc_Driver_Lite.c"
Finished building: "../Common/F2837xD_Ipc_Driver_Lite.c"
 
Building file: "../Common/F2837xD_PieVect.c"
Invoking: C2000 Compiler
"D:/CCS/ccs/tools/compiler/ti-cgt-c2000_18.12.2.LTS/bin/cl2000" -v28 -ml -mt --cla_support=cla1 --float_support=fpu32 --tmu_support=tmu0 --vcu_support=vcu2 --include_path="D:/UF_HW/2020_fall_hw/EEL4924/Design2_Code/Lab4" --include_path="D:/ti/c2000/C2000Ware_2_00_00_02/device_support/f2837xd/headers/include" --include_path="D:/ti/c2000/C2000Ware_2_00_00_02/device_support/f2837xd/common/include" --include_path="D:/CCS/ccs/tools/compiler/ti-cgt-c2000_18.12.2.LTS/include" --define=CPU1 --define=_LAUNCHXL_F28379D -g --c99 --diag_warning=225 --diag_wrap=off --display_error_number --abi=coffabi --preproc_with_compile --preproc_dependency="Common/F2837xD_PieVect.d_raw" --obj_directory="Common"  "../Common/F2837xD_PieVect.c"
Finished building: "../Common/F2837xD_PieVect.c"
 
Building file: "../Common/F2837xD_Sci.c"
Invoking: C2000 Compiler
"D:/CCS/ccs/tools/compiler/ti-cgt-c2000_18.12.2.LTS/bin/cl2000" -v28 -ml -mt --cla_support=cla1 --float_support=fpu32 --tmu_support=tmu0 --vcu_support=vcu2 --include_path="D:/UF_HW/2020_fall_hw/EEL4924/Design2_Code/Lab4" --include_path="D:/ti/c2000/C2000Ware_2_00_00_02/device_support/f2837xd/headers/include" --include_path="D:/ti/c2000/C2000Ware_2_00_00_02/device_support/f2837xd/common/include" --include_path="D:/CCS/ccs/tools/compiler/ti-cgt-c2000_18.12.2.LTS/include" --define=CPU1 --define=_LAUNCHXL_F28379D -g --c99 --diag_warning=225 --diag_wrap=off --display_error_number --abi=coffabi --preproc_with_compile --preproc_dependency="Common/F2837xD_Sci.d_raw" --obj_directory="Common"  "../Common/F2837xD_Sci.c"
Finished building: "../Common/F2837xD_Sci.c"
 
Building file: "../Common/F2837xD_Mcbsp.c"
Invoking: C2000 Compiler
"D:/CCS/ccs/tools/compiler/ti-cgt-c2000_18.12.2.LTS/bin/cl2000" -v28 -ml -mt --cla_support=cla1 --float_support=fpu32 --tmu_support=tmu0 --vcu_support=vcu2 --include_path="D:/UF_HW/2020_fall_hw/EEL4924/Design2_Code/Lab4" --include_path="D:/ti/c2000/C2000Ware_2_00_00_02/device_support/f2837xd/headers/include" --include_path="D:/ti/c2000/C2000Ware_2_00_00_02/device_support/f2837xd/common/include" --include_path="D:/CCS/ccs/tools/compiler/ti-cgt-c2000_18.12.2.LTS/include" --define=CPU1 --define=_LAUNCHXL_F28379D -g --c99 --diag_warning=225 --diag_wrap=off --display_error_number --abi=coffabi --preproc_with_compile --preproc_dependency="Common/F2837xD_Mcbsp.d_raw" --obj_directory="Common"  "../Common/F2837xD_Mcbsp.c"
Finished building: "../Common/F2837xD_Mcbsp.c"
 
Building file: "../Common/F2837xD_Ipc_Driver_Util.c"
Invoking: C2000 Compiler
"D:/CCS/ccs/tools/compiler/ti-cgt-c2000_18.12.2.LTS/bin/cl2000" -v28 -ml -mt --cla_support=cla1 --float_support=fpu32 --tmu_support=tmu0 --vcu_support=vcu2 --include_path="D:/UF_HW/2020_fall_hw/EEL4924/Design2_Code/Lab4" --include_path="D:/ti/c2000/C2000Ware_2_00_00_02/device_support/f2837xd/headers/include" --include_path="D:/ti/c2000/C2000Ware_2_00_00_02/device_support/f2837xd/common/include" --include_path="D:/CCS/ccs/tools/compiler/ti-cgt-c2000_18.12.2.LTS/include" --define=CPU1 --define=_LAUNCHXL_F28379D -g --c99 --diag_warning=225 --diag_wrap=off --display_error_number --abi=coffabi --preproc_with_compile --preproc_dependency="Common/F2837xD_Ipc_Driver_Util.d_raw" --obj_directory="Common"  "../Common/F2837xD_Ipc_Driver_Util.c"
Finished building: "../Common/F2837xD_Ipc_Driver_Util.c"
 
Building file: "../Common/F2837xD_can.c"
Invoking: C2000 Compiler
"D:/CCS/ccs/tools/compiler/ti-cgt-c2000_18.12.2.LTS/bin/cl2000" -v28 -ml -mt --cla_support=cla1 --float_support=fpu32 --tmu_support=tmu0 --vcu_support=vcu2 --include_path="D:/UF_HW/2020_fall_hw/EEL4924/Design2_Code/Lab4" --include_path="D:/ti/c2000/C2000Ware_2_00_00_02/device_support/f2837xd/headers/include" --include_path="D:/ti/c2000/C2000Ware_2_00_00_02/device_support/f2837xd/common/include" --include_path="D:/CCS/ccs/tools/compiler/ti-cgt-c2000_18.12.2.LTS/include" --define=CPU1 --define=_LAUNCHXL_F28379D -g --c99 --diag_warning=225 --diag_wrap=off --display_error_number --abi=coffabi --preproc_with_compile --preproc_dependency="Common/F2837xD_can.d_raw" --obj_directory="Common"  "../Common/F2837xD_can.c"
Finished building: "../Common/F2837xD_can.c"
 
Building file: "../Common/F2837xD_TempSensorConv.c"
Invoking: C2000 Compiler
"D:/CCS/ccs/tools/compiler/ti-cgt-c2000_18.12.2.LTS/bin/cl2000" -v28 -ml -mt --cla_support=cla1 --float_support=fpu32 --tmu_support=tmu0 --vcu_support=vcu2 --include_path="D:/UF_HW/2020_fall_hw/EEL4924/Design2_Code/Lab4" --include_path="D:/ti/c2000/C2000Ware_2_00_00_02/device_support/f2837xd/headers/include" --include_path="D:/ti/c2000/C2000Ware_2_00_00_02/device_support/f2837xd/common/include" --include_path="D:/CCS/ccs/tools/compiler/ti-cgt-c2000_18.12.2.LTS/include" --define=CPU1 --define=_LAUNCHXL_F28379D -g --c99 --diag_warning=225 --diag_wrap=off --display_error_number --abi=coffabi --preproc_with_compile --preproc_dependency="Common/F2837xD_TempSensorConv.d_raw" --obj_directory="Common"  "../Common/F2837xD_TempSensorConv.c"
"../Common/F2837xD_TempSensorConv.c", line 133 (col. 51): advice #2614-D: (Performance) Use --fp_mode=relaxed to enable TMU hardware support for FP division.
Finished building: "../Common/F2837xD_TempSensorConv.c"
 
Building file: "../Common/F2837xD_Spi.c"
Invoking: C2000 Compiler
"D:/CCS/ccs/tools/compiler/ti-cgt-c2000_18.12.2.LTS/bin/cl2000" -v28 -ml -mt --cla_support=cla1 --float_support=fpu32 --tmu_support=tmu0 --vcu_support=vcu2 --include_path="D:/UF_HW/2020_fall_hw/EEL4924/Design2_Code/Lab4" --include_path="D:/ti/c2000/C2000Ware_2_00_00_02/device_support/f2837xd/headers/include" --include_path="D:/ti/c2000/C2000Ware_2_00_00_02/device_support/f2837xd/common/include" --include_path="D:/CCS/ccs/tools/compiler/ti-cgt-c2000_18.12.2.LTS/include" --define=CPU1 --define=_LAUNCHXL_F28379D -g --c99 --diag_warning=225 --diag_wrap=off --display_error_number --abi=coffabi --preproc_with_compile --preproc_dependency="Common/F2837xD_Spi.d_raw" --obj_directory="Common"  "../Common/F2837xD_Spi.c"
Finished building: "../Common/F2837xD_Spi.c"
 
Building file: "../Common/F2837xD_sci_io.c"
Invoking: C2000 Compiler
"D:/CCS/ccs/tools/compiler/ti-cgt-c2000_18.12.2.LTS/bin/cl2000" -v28 -ml -mt --cla_support=cla1 --float_support=fpu32 --tmu_support=tmu0 --vcu_support=vcu2 --include_path="D:/UF_HW/2020_fall_hw/EEL4924/Design2_Code/Lab4" --include_path="D:/ti/c2000/C2000Ware_2_00_00_02/device_support/f2837xd/headers/include" --include_path="D:/ti/c2000/C2000Ware_2_00_00_02/device_support/f2837xd/common/include" --include_path="D:/CCS/ccs/tools/compiler/ti-cgt-c2000_18.12.2.LTS/include" --define=CPU1 --define=_LAUNCHXL_F28379D -g --c99 --diag_warning=225 --diag_wrap=off --display_error_number --abi=coffabi --preproc_with_compile --preproc_dependency="Common/F2837xD_sci_io.d_raw" --obj_directory="Common"  "../Common/F2837xD_sci_io.c"
Finished building: "../Common/F2837xD_sci_io.c"
 
Building file: "../Common/F2837xD_SysCtrl.c"
Invoking: C2000 Compiler
"D:/CCS/ccs/tools/compiler/ti-cgt-c2000_18.12.2.LTS/bin/cl2000" -v28 -ml -mt --cla_support=cla1 --float_support=fpu32 --tmu_support=tmu0 --vcu_support=vcu2 --include_path="D:/UF_HW/2020_fall_hw/EEL4924/Design2_Code/Lab4" --include_path="D:/ti/c2000/C2000Ware_2_00_00_02/device_support/f2837xd/headers/include" --include_path="D:/ti/c2000/C2000Ware_2_00_00_02/device_support/f2837xd/common/include" --include_path="D:/CCS/ccs/tools/compiler/ti-cgt-c2000_18.12.2.LTS/include" --define=CPU1 --define=_LAUNCHXL_F28379D -g --c99 --diag_warning=225 --diag_wrap=off --display_error_number --abi=coffabi --preproc_with_compile --preproc_dependency="Common/F2837xD_SysCtrl.d_raw" --obj_directory="Common"  "../Common/F2837xD_SysCtrl.c"
"../Common/F2837xD_SysCtrl.c", line 836 (col. 47): advice #2614-D: (Performance) Use --fp_mode=relaxed to enable TMU hardware support for FP division.
Finished building: "../Common/F2837xD_SysCtrl.c"
 
Building file: "../Common/F2837xD_Upp.c"
Invoking: C2000 Compiler
"D:/CCS/ccs/tools/compiler/ti-cgt-c2000_18.12.2.LTS/bin/cl2000" -v28 -ml -mt --cla_support=cla1 --float_support=fpu32 --tmu_support=tmu0 --vcu_support=vcu2 --include_path="D:/UF_HW/2020_fall_hw/EEL4924/Design2_Code/Lab4" --include_path="D:/ti/c2000/C2000Ware_2_00_00_02/device_support/f2837xd/headers/include" --include_path="D:/ti/c2000/C2000Ware_2_00_00_02/device_support/f2837xd/common/include" --include_path="D:/CCS/ccs/tools/compiler/ti-cgt-c2000_18.12.2.LTS/include" --define=CPU1 --define=_LAUNCHXL_F28379D -g --c99 --diag_warning=225 --diag_wrap=off --display_error_number --abi=coffabi --preproc_with_compile --preproc_dependency="Common/F2837xD_Upp.d_raw" --obj_directory="Common"  "../Common/F2837xD_Upp.c"
Finished building: "../Common/F2837xD_Upp.c"
 
Building file: "../Common/F2837xD_usDelay.asm"
Invoking: C2000 Compiler
"D:/CCS/ccs/tools/compiler/ti-cgt-c2000_18.12.2.LTS/bin/cl2000" -v28 -ml -mt --cla_support=cla1 --float_support=fpu32 --tmu_support=tmu0 --vcu_support=vcu2 --include_path="D:/UF_HW/2020_fall_hw/EEL4924/Design2_Code/Lab4" --include_path="D:/ti/c2000/C2000Ware_2_00_00_02/device_support/f2837xd/headers/include" --include_path="D:/ti/c2000/C2000Ware_2_00_00_02/device_support/f2837xd/common/include" --include_path="D:/CCS/ccs/tools/compiler/ti-cgt-c2000_18.12.2.LTS/include" --define=CPU1 --define=_LAUNCHXL_F28379D -g --c99 --diag_warning=225 --diag_wrap=off --display_error_number --abi=coffabi --preproc_with_compile --preproc_dependency="Common/F2837xD_usDelay.d_raw" --obj_directory="Common"  "../Common/F2837xD_usDelay.asm"
Finished building: "../Common/F2837xD_usDelay.asm"
 
Building file: "../Common/F2837xD_struct.c"
Invoking: C2000 Compiler
"D:/CCS/ccs/tools/compiler/ti-cgt-c2000_18.12.2.LTS/bin/cl2000" -v28 -ml -mt --cla_support=cla1 --float_support=fpu32 --tmu_support=tmu0 --vcu_support=vcu2 --include_path="D:/UF_HW/2020_fall_hw/EEL4924/Design2_Code/Lab4" --include_path="D:/ti/c2000/C2000Ware_2_00_00_02/device_support/f2837xd/headers/include" --include_path="D:/ti/c2000/C2000Ware_2_00_00_02/device_support/f2837xd/common/include" --include_path="D:/CCS/ccs/tools/compiler/ti-cgt-c2000_18.12.2.LTS/include" --define=CPU1 --define=_LAUNCHXL_F28379D -g --c99 --diag_warning=225 --diag_wrap=off --display_error_number --abi=coffabi --preproc_with_compile --preproc_dependency="Common/F2837xD_struct.d_raw" --obj_directory="Common"  "../Common/F2837xD_struct.c"
Finished building: "../Common/F2837xD_struct.c"
 
Building file: "../Common/F2837xD_sdfm_drivers.c"
Invoking: C2000 Compiler
"D:/CCS/ccs/tools/compiler/ti-cgt-c2000_18.12.2.LTS/bin/cl2000" -v28 -ml -mt --cla_support=cla1 --float_support=fpu32 --tmu_support=tmu0 --vcu_support=vcu2 --include_path="D:/UF_HW/2020_fall_hw/EEL4924/Design2_Code/Lab4" --include_path="D:/ti/c2000/C2000Ware_2_00_00_02/device_support/f2837xd/headers/include" --include_path="D:/ti/c2000/C2000Ware_2_00_00_02/device_support/f2837xd/common/include" --include_path="D:/CCS/ccs/tools/compiler/ti-cgt-c2000_18.12.2.LTS/include" --define=CPU1 --define=_LAUNCHXL_F28379D -g --c99 --diag_warning=225 --diag_wrap=off --display_error_number --abi=coffabi --preproc_with_compile --preproc_dependency="Common/F2837xD_sdfm_drivers.d_raw" --obj_directory="Common"  "../Common/F2837xD_sdfm_drivers.c"
Finished building: "../Common/F2837xD_sdfm_drivers.c"
 
Building file: "../Header/F2837xD_GlobalVariableDefs.c"
Invoking: C2000 Compiler
"D:/CCS/ccs/tools/compiler/ti-cgt-c2000_18.12.2.LTS/bin/cl2000" -v28 -ml -mt --cla_support=cla1 --float_support=fpu32 --tmu_support=tmu0 --vcu_support=vcu2 --include_path="D:/UF_HW/2020_fall_hw/EEL4924/Design2_Code/Lab4" --include_path="D:/ti/c2000/C2000Ware_2_00_00_02/device_support/f2837xd/headers/include" --include_path="D:/ti/c2000/C2000Ware_2_00_00_02/device_support/f2837xd/common/include" --include_path="D:/CCS/ccs/tools/compiler/ti-cgt-c2000_18.12.2.LTS/include" --define=CPU1 --define=_LAUNCHXL_F28379D -g --c99 --diag_warning=225 --diag_wrap=off --display_error_number --abi=coffabi --preproc_with_compile --preproc_dependency="Header/F2837xD_GlobalVariableDefs.d_raw" --obj_directory="Header"  "../Header/F2837xD_GlobalVariableDefs.c"
Finished building: "../Header/F2837xD_GlobalVariableDefs.c"
 
Building target: "Lab4.out"
Invoking: C2000 Linker
"D:/CCS/ccs/tools/compiler/ti-cgt-c2000_18.12.2.LTS/bin/cl2000" -v28 -ml -mt --cla_support=cla1 --float_support=fpu32 --tmu_support=tmu0 --vcu_support=vcu2 --define=CPU1 --define=_LAUNCHXL_F28379D -g --c99 --diag_warning=225 --diag_wrap=off --display_error_number --abi=coffabi -z -m"Lab4.map" --stack_size=0x200 --warn_sections -i"D:/CCS/ccs/tools/compiler/ti-cgt-c2000_18.12.2.LTS/lib" -i"D:/CCS/ccs/tools/compiler/ti-cgt-c2000_18.12.2.LTS/include" --reread_libs --diag_wrap=off --display_error_number --xml_link_info="Lab4_linkInfo.xml" --rom_model -o "Lab4.out" "./CodecGPIO.obj" "./I2CLCD.obj" "./OneToOneI2CDriver.obj" "./Part3.obj" "./SPIB.obj" "./Common/F2837xD_CodeStartBranch.obj" "./Common/F2837xD_CpuTimers.obj" "./Common/F2837xD_DBGIER.obj" "./Common/F2837xD_DefaultISR.obj" "./Common/F2837xD_Dma.obj" "./Common/F2837xD_ECap.obj" "./Common/F2837xD_EPwm.obj" "./Common/F2837xD_EQep.obj" "./Common/F2837xD_Emif.obj" "./Common/F2837xD_Gpio.obj" "./Common/F2837xD_I2C.obj" "./Common/F2837xD_Ipc.obj" "./Common/F2837xD_Ipc_Driver.obj" "./Common/F2837xD_Ipc_Driver_Lite.obj" "./Common/F2837xD_Ipc_Driver_Util.obj" "./Common/F2837xD_Mcbsp.obj" "./Common/F2837xD_PieCtrl.obj" "./Common/F2837xD_PieVect.obj" "./Common/F2837xD_Sci.obj" "./Common/F2837xD_Spi.obj" "./Common/F2837xD_SysCtrl.obj" "./Common/F2837xD_TempSensorConv.obj" "./Common/F2837xD_Upp.obj" "./Common/F2837xD_can.obj" "./Common/F2837xD_sci_io.obj" "./Common/F2837xD_sdfm_drivers.obj" "./Common/F2837xD_struct.obj" "./Common/F2837xD_usDelay.obj" "./Header/F2837xD_GlobalVariableDefs.obj" "../2837xD_RAM_lnk_cpu1.cmd" "../Header/F2837xD_Headers_nonBIOS_cpu1.cmd"  -llibc.a 
<Linking>
warning #10210-D: creating ".esysmem" section with default size of 0x400; use the -heap option to change the default size
Finished building target: "Lab4.out"
 

**** Build Finished ****
