
**** Build of configuration Debug for project Lab6 ****

"D:\\CCS\\ccs\\utils\\bin\\gmake" -k -j 8 all -O 
 
Building file: "../Common/F2837xD_Adc.c"
Invoking: C2000 Compiler
"D:/CCS/ccs/tools/compiler/ti-cgt-c2000_18.12.2.LTS/bin/cl2000" -v28 -ml -mt --cla_support=cla1 --float_support=fpu32 --tmu_support=tmu0 --vcu_support=vcu2 --include_path="D:/UF_HW/2020_fall_hw/EEL4924/Design2_Code/Lab6" --include_path="D:/UF_HW/2020_fall_hw/EEL4924/Design2_Code/Lab6/driverlib" --include_path="D:/UF_HW/2019_fall_hw/EEE4511/Lab/Lab5/additional_reference/ADC_TIMER_Driverlib/driverlib" --include_path="D:/ti/c2000/C2000Ware_2_00_00_02/device_support/f2837xd/headers/include" --include_path="D:/ti/c2000/C2000Ware_2_00_00_02/device_support/f2837xd/common/include" --include_path="D:/CCS/ccs/tools/compiler/ti-cgt-c2000_18.12.2.LTS/include" --define=CPU1 --define=_LAUNCHXL_F28379D -g --c99 --diag_warning=225 --diag_wrap=off --display_error_number --abi=coffabi --preproc_with_compile --preproc_dependency="Common/F2837xD_Adc.d_raw" --obj_directory="Common"  "../Common/F2837xD_Adc.c"
 
>> Compilation failure
Common/subdir_rules.mk:9: recipe for target 'Common/F2837xD_Adc.obj' failed
"../Common/F2837xD_Adc.c", line 78: error #20: identifier "ADC_12BIT_RESOLUTION" is undefined
"../Common/F2837xD_Adc.c", line 111: error #20: identifier "ADC_12BIT_RESOLUTION" is undefined
"../Common/F2837xD_Adc.c", line 137: error #20: identifier "ADC_12BIT_RESOLUTION" is undefined
"../Common/F2837xD_Adc.c", line 163: error #20: identifier "ADC_12BIT_RESOLUTION" is undefined
"../Common/F2837xD_Adc.c", line 188: error #20: identifier "ADC_12BIT_RESOLUTION" is undefined
5 errors detected in the compilation of "../Common/F2837xD_Adc.c".
gmake: *** [Common/F2837xD_Adc.obj] Error 1
Building file: "../Final.c"
Invoking: C2000 Compiler
"D:/CCS/ccs/tools/compiler/ti-cgt-c2000_18.12.2.LTS/bin/cl2000" -v28 -ml -mt --cla_support=cla1 --float_support=fpu32 --tmu_support=tmu0 --vcu_support=vcu2 --include_path="D:/UF_HW/2020_fall_hw/EEL4924/Design2_Code/Lab6" --include_path="D:/UF_HW/2020_fall_hw/EEL4924/Design2_Code/Lab6/driverlib" --include_path="D:/UF_HW/2019_fall_hw/EEE4511/Lab/Lab5/additional_reference/ADC_TIMER_Driverlib/driverlib" --include_path="D:/ti/c2000/C2000Ware_2_00_00_02/device_support/f2837xd/headers/include" --include_path="D:/ti/c2000/C2000Ware_2_00_00_02/device_support/f2837xd/common/include" --include_path="D:/CCS/ccs/tools/compiler/ti-cgt-c2000_18.12.2.LTS/include" --define=CPU1 --define=_LAUNCHXL_F28379D -g --c99 --diag_warning=225 --diag_wrap=off --display_error_number --abi=coffabi --preproc_with_compile --preproc_dependency="Final.d_raw"  "../Final.c"
 
>> Compilation failure
subdir_rules.mk:9: recipe for target 'Final.obj' failed
"D:/UF_HW/2020_fall_hw/EEL4924/Design2_Code/Lab6/driverlib/adc.h", line 153: error #41: expected an identifier
"D:/UF_HW/2020_fall_hw/EEL4924/Design2_Code/Lab6/driverlib/adc.h", line 154: error #41: expected an identifier
"../Final.c", line 1003: warning #190-D: enumerated type mixed with another type
"../Final.c", line 1074: warning #169-D: argument of type "volatile float *" is incompatible with parameter of type "float *"
"../Final.c", line 1074: warning #169-D: argument of type "volatile float *" is incompatible with parameter of type "float *"
"../Final.c", line 1074: warning #169-D: argument of type "volatile float *" is incompatible with parameter of type "float *"
"../Final.c", line 1075: warning #145-D: a value of type "volatile float *" cannot be used to initialize an entity of type "float *"
"../Final.c", line 1078: warning #515-D: a value of type "volatile float *" cannot be assigned to an entity of type "float *"
"../Final.c", line 1091: warning #169-D: argument of type "volatile float *" is incompatible with parameter of type "float *"
"../Final.c", line 1091: warning #169-D: argument of type "volatile float *" is incompatible with parameter of type "float *"
"../Final.c", line 1091: warning #169-D: argument of type "volatile float *" is incompatible with parameter of type "float *"
"../Final.c", line 1091: warning #169-D: argument of type "volatile float *" is incompatible with parameter of type "float *"
"../Final.c", line 1092: warning #169-D: argument of type "volatile float *" is incompatible with parameter of type "float *"
"../Final.c", line 1092: warning #169-D: argument of type "volatile float *" is incompatible with parameter of type "float *"
"../Final.c", line 1093: warning #169-D: argument of type "volatile float *" is incompatible with parameter of type "float *"
"../Final.c", line 1093: warning #169-D: argument of type "volatile float *" is incompatible with parameter of type "float *"
"../Final.c", line 1093: warning #169-D: argument of type "volatile float *" is incompatible with parameter of type "float *"
"../Final.c", line 1094: warning #169-D: argument of type "volatile float *" is incompatible with parameter of type "float *"
"../Final.c", line 1094: warning #169-D: argument of type "volatile float *" is incompatible with parameter of type "float *"
"../Final.c", line 1120: warning #515-D: a value of type "volatile float *" cannot be assigned to an entity of type "float *"
"../Final.c", line 1139: warning #145-D: a value of type "volatile Uint16 *" cannot be used to initialize an entity of type "volatile int16 *"
"../Final.c", line 1161: warning #169-D: argument of type "volatile int16 *" is incompatible with parameter of type "volatile Uint16 *"
"../Final.c", line 1161: warning #169-D: argument of type "volatile int16 *" is incompatible with parameter of type "volatile Uint16 *"
"../Final.c", line 1246: warning #145-D: a value of type "volatile Uint16 *" cannot be used to initialize an entity of type "volatile int16 *"
"../Final.c", line 1270: warning #169-D: argument of type "volatile int16 *" is incompatible with parameter of type "volatile Uint16 *"
"../Final.c", line 1270: warning #169-D: argument of type "volatile int16 *" is incompatible with parameter of type "volatile Uint16 *"
"../Final.c", line 1298: warning #145-D: a value of type "volatile Uint16 *" cannot be used to initialize an entity of type "volatile int16 *"
"../Final.c", line 1320: warning #169-D: argument of type "volatile int16 *" is incompatible with parameter of type "volatile Uint16 *"
"../Final.c", line 1320: warning #169-D: argument of type "volatile int16 *" is incompatible with parameter of type "volatile Uint16 *"
"../Final.c", line 1346: warning #169-D: argument of type "volatile float *" is incompatible with parameter of type "const float *"
"../Final.c", line 1349: warning #169-D: argument of type "volatile float *" is incompatible with parameter of type "const float *"
"../Final.c", line 1405: warning #169-D: argument of type "volatile float *" is incompatible with parameter of type "const float *"
2 errors detected in the compilation of "../Final.c".
gmake: *** [Final.obj] Error 1
Building file: "../myAdc.c"
Invoking: C2000 Compiler
"D:/CCS/ccs/tools/compiler/ti-cgt-c2000_18.12.2.LTS/bin/cl2000" -v28 -ml -mt --cla_support=cla1 --float_support=fpu32 --tmu_support=tmu0 --vcu_support=vcu2 --include_path="D:/UF_HW/2020_fall_hw/EEL4924/Design2_Code/Lab6" --include_path="D:/UF_HW/2020_fall_hw/EEL4924/Design2_Code/Lab6/driverlib" --include_path="D:/UF_HW/2019_fall_hw/EEE4511/Lab/Lab5/additional_reference/ADC_TIMER_Driverlib/driverlib" --include_path="D:/ti/c2000/C2000Ware_2_00_00_02/device_support/f2837xd/headers/include" --include_path="D:/ti/c2000/C2000Ware_2_00_00_02/device_support/f2837xd/common/include" --include_path="D:/CCS/ccs/tools/compiler/ti-cgt-c2000_18.12.2.LTS/include" --define=CPU1 --define=_LAUNCHXL_F28379D -g --c99 --diag_warning=225 --diag_wrap=off --display_error_number --abi=coffabi --preproc_with_compile --preproc_dependency="myAdc.d_raw"  "../myAdc.c"
 
>> Compilation failure
subdir_rules.mk:9: recipe for target 'myAdc.obj' failed
"D:/UF_HW/2020_fall_hw/EEL4924/Design2_Code/Lab6/driverlib/adc.h", line 153: error #41: expected an identifier
"D:/UF_HW/2020_fall_hw/EEL4924/Design2_Code/Lab6/driverlib/adc.h", line 154: error #41: expected an identifier
"../myAdc.c", line 115: warning #225-D: function "malloc" declared implicitly
"../myAdc.c", line 115: warning #515-D: a value of type "int" cannot be assigned to an entity of type "char *"
"../myAdc.c", line 135: warning #225-D: function "malloc" declared implicitly
"../myAdc.c", line 135: warning #515-D: a value of type "int" cannot be assigned to an entity of type "char *"
2 errors detected in the compilation of "../myAdc.c".
gmake: *** [myAdc.obj] Error 1
gmake: Target 'all' not remade because of errors.

**** Build Finished ****
